# JRE version: OpenJDK Runtime Environment Temurin-21.0.11+10 (21.0.11+10) (build 21.0.11+10-LTS)
# Java VM: OpenJDK 64-Bit Server VM Temurin-21.0.11+10 (21.0.11+10-LTS, mixed mode, sharing, tiered, compressed oops, compressed class ptrs, parallel gc, windows-amd64)
GC Precious Log:
 CardTable entry size: 512
 CPUs: 8 total, 8 available
 Memory: 16299M
 Large Page Support: Disabled
 NUMA Support: Disabled
 Compressed Oops: Enabled (32-bit)
 Alignments: Space 512K, Generation 512K, Heap 2M
 Heap Min Capacity: 100M
 Heap Initial Capacity: 100M
 Heap Max Capacity: 2G
 Pre-touch: Disabled
 Parallel Workers: 8
Heap:
 PSYoungGen      total 9216K, used 4211K [0x00000000d5580000, 0x00000000d6000000, 0x0000000100000000)
  eden space 7680K, 54% used [0x00000000d5580000,0x00000000d599cd00,0x00000000d5d00000)
  from space 1536K, 0% used [0x00000000d5d00000,0x00000000d5d00000,0x00000000d5e80000)
  to   space 1536K, 0% used [0x00000000d5e80000,0x00000000d5e80000,0x00000000d6000000)
 ParOldGen       total 82944K, used 67671K [0x0000000080000000, 0x0000000085100000, 0x00000000d5580000)
  object space 82944K, 81% used [0x0000000080000000,0x0000000084215d50,0x0000000085100000)
 Metaspace       used 73214K, committed 74816K, reserved 1114112K
  class space    used 9057K, committed 9728K, reserved 1048576K
GC Heap History (20 events):
Event: 35.335 GC heap after
{Heap after GC invocations=99 (full 3):
 PSYoungGen      total 8192K, used 416K [0x00000000d5580000, 0x00000000d5e80000, 0x0000000100000000)
  eden space 7680K, 0% used [0x00000000d5580000,0x00000000d5580000,0x00000000d5d00000)
  from space 512K, 81% used [0x00000000d5e00000,0x00000000d5e68010,0x00000000d5e80000)
  to   space 512K, 0% used [0x00000000d5d80000,0x00000000d5d80000,0x00000000d5e00000)
 ParOldGen       total 77312K, used 76864K [0x0000000080000000, 0x0000000084b80000, 0x00000000d5580000)
  object space 77312K, 99% used [0x0000000080000000,0x0000000084b10228,0x0000000084b80000)
 Metaspace       used 71762K, committed 73344K, reserved 1114112K
  class space    used 8910K, committed 9600K, reserved 1048576K
}
Event: 40.320 GC heap before
{Heap before GC invocations=100 (full 3):
 PSYoungGen      total 8192K, used 8096K [0x00000000d5580000, 0x00000000d5e80000, 0x0000000100000000)
  eden space 7680K, 100% used [0x00000000d5580000,0x00000000d5d00000,0x00000000d5d00000)
  from space 512K, 81% used [0x00000000d5e00000,0x00000000d5e68010,0x00000000d5e80000)
  to   space 512K, 0% used [0x00000000d5d80000,0x00000000d5d80000,0x00000000d5e00000)
 ParOldGen       total 77312K, used 76864K [0x0000000080000000, 0x0000000084b80000, 0x00000000d5580000)
  object space 77312K, 99% used [0x0000000080000000,0x0000000084b10228,0x0000000084b80000)
 Metaspace       used 72087K, committed 73728K, reserved 1114112K
  class space    used 8952K, committed 9664K, reserved 1048576K
}
Event: 40.325 GC heap after
{Heap after GC invocations=100 (full 3):
 PSYoungGen      total 8192K, used 487K [0x00000000d5580000, 0x00000000d6200000, 0x0000000100000000)
  eden space 7680K, 0% used [0x00000000d5580000,0x00000000d5580000,0x00000000d5d00000)
  from space 512K, 95% used [0x00000000d5d80000,0x00000000d5df9e60,0x00000000d5e00000)
  to   space 2560K, 0% used [0x00000000d5f80000,0x00000000d5f80000,0x00000000d6200000)
 ParOldGen       total 78848K, used 78359K [0x0000000080000000, 0x0000000084d00000, 0x00000000d5580000)
  object space 78848K, 99% used [0x0000000080000000,0x0000000084c85e70,0x0000000084d00000)
 Metaspace       used 72087K, committed 73728K, reserved 1114112K
  class space    used 8952K, committed 9664K, reserved 1048576K
}
Event: 41.249 GC heap before
{Heap before GC invocations=101 (full 3):
 PSYoungGen      total 8192K, used 8167K [0x00000000d5580000, 0x00000000d6200000, 0x0000000100000000)
  eden space 7680K, 100% used [0x00000000d5580000,0x00000000d5d00000,0x00000000d5d00000)
  from space 512K, 95% used [0x00000000d5d80000,0x00000000d5df9e60,0x00000000d5e00000)
  to   space 2560K, 0% used [0x00000000d5f80000,0x00000000d5f80000,0x00000000d6200000)
 ParOldGen       total 78848K, used 78359K [0x0000000080000000, 0x0000000084d00000, 0x00000000d5580000)
  object space 78848K, 99% used [0x0000000080000000,0x0000000084c85e70,0x0000000084d00000)
 Metaspace       used 72277K, committed 73920K, reserved 1114112K
  class space    used 8968K, committed 9664K, reserved 1048576K
}
Event: 41.251 GC heap after
{Heap after GC invocations=101 (full 3):
 PSYoungGen      total 8192K, used 224K [0x00000000d5580000, 0x00000000d6000000, 0x0000000100000000)
  eden space 7680K, 0% used [0x00000000d5580000,0x00000000d5580000,0x00000000d5d00000)
  from space 512K, 43% used [0x00000000d5f80000,0x00000000d5fb8000,0x00000000d6000000)
  to   space 1024K, 0% used [0x00000000d5e00000,0x00000000d5e00000,0x00000000d5f00000)
 ParOldGen       total 78848K, used 78537K [0x0000000080000000, 0x0000000084d00000, 0x00000000d5580000)
  object space 78848K, 99% used [0x0000000080000000,0x0000000084cb24e0,0x0000000084d00000)
 Metaspace       used 72277K, committed 73920K, reserved 1114112K
  class space    used 8968K, committed 9664K, reserved 1048576K
}
Event: 41.554 GC heap before
{Heap before GC invocations=102 (full 3):
 PSYoungGen      total 8192K, used 7904K [0x00000000d5580000, 0x00000000d6000000, 0x0000000100000000)
  eden space 7680K, 100% used [0x00000000d5580000,0x00000000d5d00000,0x00000000d5d00000)
  from space 512K, 43% used [0x00000000d5f80000,0x00000000d5fb8000,0x00000000d6000000)
  to   space 1024K, 0% used [0x00000000d5e00000,0x00000000d5e00000,0x00000000d5f00000)
 ParOldGen       total 78848K, used 78537K [0x0000000080000000, 0x0000000084d00000, 0x00000000d5580000)
  object space 78848K, 99% used [0x0000000080000000,0x0000000084cb24e0,0x0000000084d00000)
 Metaspace       used 72456K, committed 74048K, reserved 1114112K
  class space    used 8985K, committed 9664K, reserved 1048576K
}
Event: 41.555 GC heap after
{Heap after GC invocations=102 (full 3):
 PSYoungGen      total 8704K, used 160K [0x00000000d5580000, 0x00000000d6000000, 0x0000000100000000)
  eden space 7680K, 0% used [0x00000000d5580000,0x00000000d5580000,0x00000000d5d00000)
  from space 1024K, 15% used [0x00000000d5e00000,0x00000000d5e28000,0x00000000d5f00000)
  to   space 512K, 0% used [0x00000000d5f80000,0x00000000d5f80000,0x00000000d6000000)
 ParOldGen       total 78848K, used 78593K [0x0000000080000000, 0x0000000084d00000, 0x00000000d5580000)
  object space 78848K, 99% used [0x0000000080000000,0x0000000084cc04e0,0x0000000084d00000)
 Metaspace       used 72456K, committed 74048K, reserved 1114112K
  class space    used 8985K, committed 9664K, reserved 1048576K
}
Event: 41.748 GC heap before
{Heap before GC invocations=103 (full 3):
 PSYoungGen      total 8704K, used 7840K [0x00000000d5580000, 0x00000000d6000000, 0x0000000100000000)
  eden space 7680K, 100% used [0x00000000d5580000,0x00000000d5d00000,0x00000000d5d00000)
  from space 1024K, 15% used [0x00000000d5e00000,0x00000000d5e28000,0x00000000d5f00000)
  to   space 512K, 0% used [0x00000000d5f80000,0x00000000d5f80000,0x00000000d6000000)
 ParOldGen       total 78848K, used 78593K [0x0000000080000000, 0x0000000084d00000, 0x00000000d5580000)
  object space 78848K, 99% used [0x0000000080000000,0x0000000084cc04e0,0x0000000084d00000)
 Metaspace       used 72456K, committed 74048K, reserved 1114112K
  class space    used 8985K, committed 9664K, reserved 1048576K
}
Event: 41.749 GC heap after
{Heap after GC invocations=103 (full 3):
 PSYoungGen      total 8192K, used 128K [0x00000000d5580000, 0x00000000d6000000, 0x0000000100000000)
  eden space 7680K, 0% used [0x00000000d5580000,0x00000000d5580000,0x00000000d5d00000)
  from space 512K, 25% used [0x00000000d5f80000,0x00000000d5fa0000,0x00000000d6000000)
  to   space 512K, 0% used [0x00000000d5f00000,0x00000000d5f00000,0x00000000d5f80000)
 ParOldGen       total 78848K, used 78657K [0x0000000080000000, 0x0000000084d00000, 0x00000000d5580000)
  object space 78848K, 99% used [0x0000000080000000,0x0000000084cd04e0,0x0000000084d00000)
 Metaspace       used 72456K, committed 74048K, reserved 1114112K
  class space    used 8985K, committed 9664K, reserved 1048576K
}
Event: 42.093 GC heap before
{Heap before GC invocations=104 (full 3):
 PSYoungGen      total 8192K, used 7808K [0x00000000d5580000, 0x00000000d6000000, 0x0000000100000000)
  eden space 7680K, 100% used [0x00000000d5580000,0x00000000d5d00000,0x00000000d5d00000)
  from space 512K, 25% used [0x00000000d5f80000,0x00000000d5fa0000,0x00000000d6000000)
  to   space 512K, 0% used [0x00000000d5f00000,0x00000000d5f00000,0x00000000d5f80000)
 ParOldGen       total 78848K, used 78657K [0x0000000080000000, 0x0000000084d00000, 0x00000000d5580000)
  object space 78848K, 99% used [0x0000000080000000,0x0000000084cd04e0,0x0000000084d00000)
 Metaspace       used 73041K, committed 74688K, reserved 1114112K
  class space    used 9043K, committed 9728K, reserved 1048576K
}
Event: 42.096 GC heap after
{Heap after GC invocations=104 (full 3):
 PSYoungGen      total 8192K, used 472K [0x00000000d5580000, 0x00000000d6000000, 0x0000000100000000)
  eden space 7680K, 0% used [0x00000000d5580000,0x00000000d5580000,0x00000000d5d00000)
  from space 512K, 92% used [0x00000000d5f00000,0x00000000d5f761a8,0x00000000d5f80000)
  to   space 512K, 0% used [0x00000000d5f80000,0x00000000d5f80000,0x00000000d6000000)
 ParOldGen       total 78848K, used 78665K [0x0000000080000000, 0x0000000084d00000, 0x00000000d5580000)
  object space 78848K, 99% used [0x0000000080000000,0x0000000084cd24e0,0x0000000084d00000)
 Metaspace       used 73041K, committed 74688K, reserved 1114112K
  class space    used 9043K, committed 9728K, reserved 1048576K
}
Event: 42.477 GC heap before
{Heap before GC invocations=105 (full 3):
 PSYoungGen      total 8192K, used 8152K [0x00000000d5580000, 0x00000000d6000000, 0x0000000100000000)
  eden space 7680K, 100% used [0x00000000d5580000,0x00000000d5d00000,0x00000000d5d00000)
  from space 512K, 92% used [0x00000000d5f00000,0x00000000d5f761a8,0x00000000d5f80000)
  to   space 512K, 0% used [0x00000000d5f80000,0x00000000d5f80000,0x00000000d6000000)
 ParOldGen       total 78848K, used 78665K [0x0000000080000000, 0x0000000084d00000, 0x00000000d5580000)
  object space 78848K, 99% used [0x0000000080000000,0x0000000084cd24e0,0x0000000084d00000)
 Metaspace       used 73199K, committed 74816K, reserved 1114112K
  class space    used 9056K, committed 9728K, reserved 1048576K
}
Event: 42.480 GC heap after
{Heap after GC invocations=105 (full 3):
 PSYoungGen      total 8192K, used 480K [0x00000000d5580000, 0x00000000d6100000, 0x0000000100000000)
  eden space 7680K, 0% used [0x00000000d5580000,0x00000000d5580000,0x00000000d5d00000)
  from space 512K, 93% used [0x00000000d5f80000,0x00000000d5ff8010,0x00000000d6000000)
  to   space 2048K, 0% used [0x00000000d5d00000,0x00000000d5d00000,0x00000000d5f00000)
 ParOldGen       total 79872K, used 79617K [0x0000000080000000, 0x0000000084e00000, 0x00000000d5580000)
  object space 79872K, 99% used [0x0000000080000000,0x0000000084dc04c0,0x0000000084e00000)
 Metaspace       used 73199K, committed 74816K, reserved 1114112K
  class space    used 9056K, committed 9728K, reserved 1048576K
}
Event: 42.695 GC heap before
{Heap before GC invocations=106 (full 3):
 PSYoungGen      total 8192K, used 8160K [0x00000000d5580000, 0x00000000d6100000, 0x0000000100000000)
  eden space 7680K, 100% used [0x00000000d5580000,0x00000000d5d00000,0x00000000d5d00000)
  from space 512K, 93% used [0x00000000d5f80000,0x00000000d5ff8010,0x00000000d6000000)
  to   space 2048K, 0% used [0x00000000d5d00000,0x00000000d5d00000,0x00000000d5f00000)
 ParOldGen       total 79872K, used 79617K [0x0000000080000000, 0x0000000084e00000, 0x00000000d5580000)
  object space 79872K, 99% used [0x0000000080000000,0x0000000084dc04c0,0x0000000084e00000)
 Metaspace       used 73199K, committed 74816K, reserved 1114112K
  class space    used 9056K, committed 9728K, reserved 1048576K
}
Event: 42.698 GC heap after
{Heap after GC invocations=106 (full 3):
 PSYoungGen      total 9216K, used 1408K [0x00000000d5580000, 0x00000000d6000000, 0x0000000100000000)
  eden space 7680K, 0% used [0x00000000d5580000,0x00000000d5580000,0x00000000d5d00000)
  from space 1536K, 91% used [0x00000000d5d00000,0x00000000d5e60010,0x00000000d5e80000)
  to   space 1536K, 0% used [0x00000000d5e80000,0x00000000d5e80000,0x00000000d6000000)
 ParOldGen       total 80384K, used 80089K [0x0000000080000000, 0x0000000084e80000, 0x00000000d5580000)
  object space 80384K, 99% used [0x0000000080000000,0x0000000084e364f0,0x0000000084e80000)
 Metaspace       used 73199K, committed 74816K, reserved 1114112K
  class space    used 9056K, committed 9728K, reserved 1048576K
}
Event: 42.927 GC heap before
{Heap before GC invocations=107 (full 3):
 PSYoungGen      total 9216K, used 9088K [0x00000000d5580000, 0x00000000d6000000, 0x0000000100000000)
  eden space 7680K, 100% used [0x00000000d5580000,0x00000000d5d00000,0x00000000d5d00000)
  from space 1536K, 91% used [0x00000000d5d00000,0x00000000d5e60010,0x00000000d5e80000)
  to   space 1536K, 0% used [0x00000000d5e80000,0x00000000d5e80000,0x00000000d6000000)
 ParOldGen       total 80384K, used 80089K [0x0000000080000000, 0x0000000084e80000, 0x00000000d5580000)
  object space 80384K, 99% used [0x0000000080000000,0x0000000084e364f0,0x0000000084e80000)
 Metaspace       used 73205K, committed 74816K, reserved 1114112K
  class space    used 9057K, committed 9728K, reserved 1048576K
}
Event: 42.932 GC heap after
{Heap after GC invocations=107 (full 3):
 PSYoungGen      total 9216K, used 1504K [0x00000000d5580000, 0x00000000d6000000, 0x0000000100000000)
  eden space 7680K, 0% used [0x00000000d5580000,0x00000000d5580000,0x00000000d5d00000)
  from space 1536K, 97% used [0x00000000d5e80000,0x00000000d5ff8030,0x00000000d6000000)
  to   space 1536K, 0% used [0x00000000d5d00000,0x00000000d5d00000,0x00000000d5e80000)
 ParOldGen       total 81920K, used 81441K [0x0000000080000000, 0x0000000085000000, 0x00000000d5580000)
  object space 81920K, 99% used [0x0000000080000000,0x0000000084f88500,0x0000000085000000)
 Metaspace       used 73205K, committed 74816K, reserved 1114112K
  class space    used 9057K, committed 9728K, reserved 1048576K
}
Event: 43.027 GC heap before
{Heap before GC invocations=108 (full 3):
 PSYoungGen      total 9216K, used 9184K [0x00000000d5580000, 0x00000000d6000000, 0x0000000100000000)
  eden space 7680K, 100% used [0x00000000d5580000,0x00000000d5d00000,0x00000000d5d00000)
  from space 1536K, 97% used [0x00000000d5e80000,0x00000000d5ff8030,0x00000000d6000000)
  to   space 1536K, 0% used [0x00000000d5d00000,0x00000000d5d00000,0x00000000d5e80000)
 ParOldGen       total 81920K, used 81441K [0x0000000080000000, 0x0000000085000000, 0x00000000d5580000)
  object space 81920K, 99% used [0x0000000080000000,0x0000000084f88500,0x0000000085000000)
 Metaspace       used 73207K, committed 74816K, reserved 1114112K
  class space    used 9057K, committed 9728K, reserved 1048576K
}
Event: 43.032 GC heap after
{Heap after GC invocations=108 (full 3):
 PSYoungGen      total 9216K, used 9184K [0x00000000d5580000, 0x00000000d6000000, 0x0000000100000000)
  eden space 7680K, 100% used [0x00000000d5580000,0x00000000d5d00000,0x00000000d5d00000)
  from space 1536K, 97% used [0x00000000d5e80000,0x00000000d5ff8030,0x00000000d6000000)
  to   space 1536K, 93% used [0x00000000d5d00000,0x00000000d5e68010,0x00000000d5e80000)
 ParOldGen       total 82944K, used 82669K [0x0000000080000000, 0x0000000085100000, 0x00000000d5580000)
  object space 82944K, 99% used [0x0000000080000000,0x00000000850bb4c8,0x0000000085100000)
 Metaspace       used 73207K, committed 74816K, reserved 1114112K
  class space    used 9057K, committed 9728K, reserved 1048576K
}
Event: 43.032 GC heap before
{Heap before GC invocations=109 (full 4):
 PSYoungGen      total 9216K, used 9184K [0x00000000d5580000, 0x00000000d6000000, 0x0000000100000000)
  eden space 7680K, 100% used [0x00000000d5580000,0x00000000d5d00000,0x00000000d5d00000)
  from space 1536K, 97% used [0x00000000d5e80000,0x00000000d5ff8030,0x00000000d6000000)
  to   space 1536K, 93% used [0x00000000d5d00000,0x00000000d5e68010,0x00000000d5e80000)
 ParOldGen       total 82944K, used 82669K [0x0000000080000000, 0x0000000085100000, 0x00000000d5580000)
  object space 82944K, 99% used [0x0000000080000000,0x00000000850bb4c8,0x0000000085100000)
 Metaspace       used 73207K, committed 74816K, reserved 1114112K
  class space    used 9057K, committed 9728K, reserved 1048576K
}

