# JRE version: OpenJDK Runtime Environment Temurin-21.0.11+10 (21.0.11+10) (build 21.0.11+10-LTS)
# Java VM: OpenJDK 64-Bit Server VM Temurin-21.0.11+10 (21.0.11+10-LTS, mixed mode, sharing, tiered, compressed oops, compressed class ptrs, parallel gc, windows-amd64)
GC Precious Log:
 CardTable entry size: 512
 CPUs: 8 total, 8 available
 Memory: 16299M
 Large Page Support: Disabled
 NUMA Support: Disabled
 Compressed Oops: Enabled (32-bit)
 Alignments: Space 512K, Generation 512K, Heap 2M
 Heap Min Capacity: 100M
 Heap Initial Capacity: 100M
 Heap Max Capacity: 2G
 Pre-touch: Disabled
 Parallel Workers: 8
Heap:
 PSYoungGen      total 20480K, used 9585K [0x00000000d5580000, 0x00000000d6d00000, 0x0000000100000000)
  eden space 18432K, 52% used [0x00000000d5580000,0x00000000d5edc580,0x00000000d6780000)
  from space 2048K, 0% used [0x00000000d6980000,0x00000000d6980000,0x00000000d6b80000)
  to   space 1536K, 0% used [0x00000000d6b80000,0x00000000d6b80000,0x00000000d6d00000)
 ParOldGen       total 71168K, used 59914K [0x0000000080000000, 0x0000000084580000, 0x00000000d5580000)
  object space 71168K, 84% used [0x0000000080000000,0x0000000083a82bd0,0x0000000084580000)
 Metaspace       used 59173K, committed 60672K, reserved 1114112K
  class space    used 6971K, committed 7616K, reserved 1048576K
GC Heap History (20 events):
Event: 12.612 GC heap before
{Heap before GC invocations=29 (full 2):
 PSYoungGen      total 19968K, used 19776K [0x00000000d5580000, 0x00000000d7200000, 0x0000000100000000)
  eden space 18432K, 100% used [0x00000000d5580000,0x00000000d6780000,0x00000000d6780000)
  from space 1536K, 87% used [0x00000000d7080000,0x00000000d71d0000,0x00000000d7200000)
  to   space 2048K, 0% used [0x00000000d6e00000,0x00000000d6e00000,0x00000000d7000000)
 ParOldGen       total 68608K, used 60994K [0x0000000080000000, 0x0000000084300000, 0x00000000d5580000)
  object space 68608K, 88% used [0x0000000080000000,0x0000000083b90aa0,0x0000000084300000)
 Metaspace       used 48209K, committed 49664K, reserved 1114112K
  class space    used 5418K, committed 6080K, reserved 1048576K
}
Event: 12.614 GC heap after
{Heap after GC invocations=29 (full 2):
 PSYoungGen      total 19456K, used 848K [0x00000000d5580000, 0x00000000d7100000, 0x0000000100000000)
  eden space 18432K, 0% used [0x00000000d5580000,0x00000000d5580000,0x00000000d6780000)
  from space 1024K, 82% used [0x00000000d6e00000,0x00000000d6ed4010,0x00000000d6f00000)
  to   space 1536K, 0% used [0x00000000d6f80000,0x00000000d6f80000,0x00000000d7100000)
 ParOldGen       total 68608K, used 62239K [0x0000000080000000, 0x0000000084300000, 0x00000000d5580000)
  object space 68608K, 90% used [0x0000000080000000,0x0000000083cc7e08,0x0000000084300000)
 Metaspace       used 48209K, committed 49664K, reserved 1114112K
  class space    used 5418K, committed 6080K, reserved 1048576K
}
Event: 12.748 GC heap before
{Heap before GC invocations=30 (full 2):
 PSYoungGen      total 19456K, used 19280K [0x00000000d5580000, 0x00000000d7100000, 0x0000000100000000)
  eden space 18432K, 100% used [0x00000000d5580000,0x00000000d6780000,0x00000000d6780000)
  from space 1024K, 82% used [0x00000000d6e00000,0x00000000d6ed4010,0x00000000d6f00000)
  to   space 1536K, 0% used [0x00000000d6f80000,0x00000000d6f80000,0x00000000d7100000)
 ParOldGen       total 68608K, used 62239K [0x0000000080000000, 0x0000000084300000, 0x00000000d5580000)
  object space 68608K, 90% used [0x0000000080000000,0x0000000083cc7e08,0x0000000084300000)
 Metaspace       used 48593K, committed 49984K, reserved 1114112K
  class space    used 5470K, committed 6144K, reserved 1048576K
}
Event: 12.750 GC heap after
{Heap after GC invocations=30 (full 2):
 PSYoungGen      total 19456K, used 672K [0x00000000d5580000, 0x00000000d7080000, 0x0000000100000000)
  eden space 18432K, 0% used [0x00000000d5580000,0x00000000d5580000,0x00000000d6780000)
  from space 1024K, 65% used [0x00000000d6f80000,0x00000000d7028000,0x00000000d7080000)
  to   space 1024K, 0% used [0x00000000d6e00000,0x00000000d6e00000,0x00000000d6f00000)
 ParOldGen       total 68608K, used 62880K [0x0000000080000000, 0x0000000084300000, 0x00000000d5580000)
  object space 68608K, 91% used [0x0000000080000000,0x0000000083d68208,0x0000000084300000)
 Metaspace       used 48593K, committed 49984K, reserved 1114112K
  class space    used 5470K, committed 6144K, reserved 1048576K
}
Event: 12.904 GC heap before
{Heap before GC invocations=31 (full 2):
 PSYoungGen      total 19456K, used 19104K [0x00000000d5580000, 0x00000000d7080000, 0x0000000100000000)
  eden space 18432K, 100% used [0x00000000d5580000,0x00000000d6780000,0x00000000d6780000)
  from space 1024K, 65% used [0x00000000d6f80000,0x00000000d7028000,0x00000000d7080000)
  to   space 1024K, 0% used [0x00000000d6e00000,0x00000000d6e00000,0x00000000d6f00000)
 ParOldGen       total 68608K, used 62880K [0x0000000080000000, 0x0000000084300000, 0x00000000d5580000)
  object space 68608K, 91% used [0x0000000080000000,0x0000000083d68208,0x0000000084300000)
 Metaspace       used 48996K, committed 50368K, reserved 1114112K
  class space    used 5510K, committed 6144K, reserved 1048576K
}
Event: 12.906 GC heap after
{Heap after GC invocations=31 (full 2):
 PSYoungGen      total 19456K, used 704K [0x00000000d5580000, 0x00000000d7000000, 0x0000000100000000)
  eden space 18432K, 0% used [0x00000000d5580000,0x00000000d5580000,0x00000000d6780000)
  from space 1024K, 68% used [0x00000000d6e00000,0x00000000d6eb0000,0x00000000d6f00000)
  to   space 1024K, 0% used [0x00000000d6f00000,0x00000000d6f00000,0x00000000d7000000)
 ParOldGen       total 68608K, used 63384K [0x0000000080000000, 0x0000000084300000, 0x00000000d5580000)
  object space 68608K, 92% used [0x0000000080000000,0x0000000083de6208,0x0000000084300000)
 Metaspace       used 48996K, committed 50368K, reserved 1114112K
  class space    used 5510K, committed 6144K, reserved 1048576K
}
Event: 13.046 GC heap before
{Heap before GC invocations=32 (full 2):
 PSYoungGen      total 19456K, used 19136K [0x00000000d5580000, 0x00000000d7000000, 0x0000000100000000)
  eden space 18432K, 100% used [0x00000000d5580000,0x00000000d6780000,0x00000000d6780000)
  from space 1024K, 68% used [0x00000000d6e00000,0x00000000d6eb0000,0x00000000d6f00000)
  to   space 1024K, 0% used [0x00000000d6f00000,0x00000000d6f00000,0x00000000d7000000)
 ParOldGen       total 68608K, used 63384K [0x0000000080000000, 0x0000000084300000, 0x00000000d5580000)
  object space 68608K, 92% used [0x0000000080000000,0x0000000083de6208,0x0000000084300000)
 Metaspace       used 49303K, committed 50752K, reserved 1114112K
  class space    used 5552K, committed 6208K, reserved 1048576K
}
Event: 13.049 GC heap after
{Heap after GC invocations=32 (full 2):
 PSYoungGen      total 19456K, used 1021K [0x00000000d5580000, 0x00000000d7280000, 0x0000000100000000)
  eden space 18432K, 0% used [0x00000000d5580000,0x00000000d5580000,0x00000000d6780000)
  from space 1024K, 99% used [0x00000000d6f00000,0x00000000d6fff710,0x00000000d7000000)
  to   space 5632K, 0% used [0x00000000d6780000,0x00000000d6780000,0x00000000d6d00000)
 ParOldGen       total 68608K, used 66847K [0x0000000080000000, 0x0000000084300000, 0x00000000d5580000)
  object space 68608K, 97% used [0x0000000080000000,0x0000000084147ff8,0x0000000084300000)
 Metaspace       used 49303K, committed 50752K, reserved 1114112K
  class space    used 5552K, committed 6208K, reserved 1048576K
}
Event: 13.284 GC heap before
{Heap before GC invocations=33 (full 2):
 PSYoungGen      total 19456K, used 19453K [0x00000000d5580000, 0x00000000d7280000, 0x0000000100000000)
  eden space 18432K, 100% used [0x00000000d5580000,0x00000000d6780000,0x00000000d6780000)
  from space 1024K, 99% used [0x00000000d6f00000,0x00000000d6fff710,0x00000000d7000000)
  to   space 5632K, 0% used [0x00000000d6780000,0x00000000d6780000,0x00000000d6d00000)
 ParOldGen       total 68608K, used 66847K [0x0000000080000000, 0x0000000084300000, 0x00000000d5580000)
  object space 68608K, 97% used [0x0000000080000000,0x0000000084147ff8,0x0000000084300000)
 Metaspace       used 50364K, committed 51776K, reserved 1114112K
  class space    used 5727K, committed 6400K, reserved 1048576K
}
Event: 13.288 GC heap after
{Heap after GC invocations=33 (full 2):
 PSYoungGen      total 24064K, used 800K [0x00000000d5580000, 0x00000000d6f80000, 0x0000000100000000)
  eden space 18432K, 0% used [0x00000000d5580000,0x00000000d5580000,0x00000000d6780000)
  from space 5632K, 14% used [0x00000000d6780000,0x00000000d6848000,0x00000000d6d00000)
  to   space 2560K, 0% used [0x00000000d6d00000,0x00000000d6d00000,0x00000000d6f80000)
 ParOldGen       total 68608K, used 67856K [0x0000000080000000, 0x0000000084300000, 0x00000000d5580000)
  object space 68608K, 98% used [0x0000000080000000,0x00000000842440a8,0x0000000084300000)
 Metaspace       used 50364K, committed 51776K, reserved 1114112K
  class space    used 5727K, committed 6400K, reserved 1048576K
}
Event: 13.644 GC heap before
{Heap before GC invocations=34 (full 2):
 PSYoungGen      total 24064K, used 19232K [0x00000000d5580000, 0x00000000d6f80000, 0x0000000100000000)
  eden space 18432K, 100% used [0x00000000d5580000,0x00000000d6780000,0x00000000d6780000)
  from space 5632K, 14% used [0x00000000d6780000,0x00000000d6848000,0x00000000d6d00000)
  to   space 2560K, 0% used [0x00000000d6d00000,0x00000000d6d00000,0x00000000d6f80000)
 ParOldGen       total 68608K, used 67856K [0x0000000080000000, 0x0000000084300000, 0x00000000d5580000)
  object space 68608K, 98% used [0x0000000080000000,0x00000000842440a8,0x0000000084300000)
 Metaspace       used 52233K, committed 53632K, reserved 1114112K
  class space    used 6036K, committed 6656K, reserved 1048576K
}
Event: 13.646 GC heap after
{Heap after GC invocations=34 (full 2):
 PSYoungGen      total 19968K, used 1072K [0x00000000d5580000, 0x00000000d6e80000, 0x0000000100000000)
  eden space 18432K, 0% used [0x00000000d5580000,0x00000000d5580000,0x00000000d6780000)
  from space 1536K, 69% used [0x00000000d6d00000,0x00000000d6e0c010,0x00000000d6e80000)
  to   space 1536K, 0% used [0x00000000d6b80000,0x00000000d6b80000,0x00000000d6d00000)
 ParOldGen       total 68608K, used 68580K [0x0000000080000000, 0x0000000084300000, 0x00000000d5580000)
  object space 68608K, 99% used [0x0000000080000000,0x00000000842f90c8,0x0000000084300000)
 Metaspace       used 52233K, committed 53632K, reserved 1114112K
  class space    used 6036K, committed 6656K, reserved 1048576K
}
Event: 14.116 GC heap before
{Heap before GC invocations=35 (full 2):
 PSYoungGen      total 19968K, used 19504K [0x00000000d5580000, 0x00000000d6e80000, 0x0000000100000000)
  eden space 18432K, 100% used [0x00000000d5580000,0x00000000d6780000,0x00000000d6780000)
  from space 1536K, 69% used [0x00000000d6d00000,0x00000000d6e0c010,0x00000000d6e80000)
  to   space 1536K, 0% used [0x00000000d6b80000,0x00000000d6b80000,0x00000000d6d00000)
 ParOldGen       total 68608K, used 68580K [0x0000000080000000, 0x0000000084300000, 0x00000000d5580000)
  object space 68608K, 99% used [0x0000000080000000,0x00000000842f90c8,0x0000000084300000)
 Metaspace       used 54437K, committed 55872K, reserved 1114112K
  class space    used 6396K, committed 7040K, reserved 1048576K
}
Event: 14.120 GC heap after
{Heap after GC invocations=35 (full 2):
 PSYoungGen      total 19456K, used 768K [0x00000000d5580000, 0x00000000d6d80000, 0x0000000100000000)
  eden space 18432K, 0% used [0x00000000d5580000,0x00000000d5580000,0x00000000d6780000)
  from space 1024K, 75% used [0x00000000d6b80000,0x00000000d6c40000,0x00000000d6c80000)
  to   space 1024K, 0% used [0x00000000d6c80000,0x00000000d6c80000,0x00000000d6d80000)
 ParOldGen       total 69632K, used 69488K [0x0000000080000000, 0x0000000084400000, 0x00000000d5580000)
  object space 69632K, 99% used [0x0000000080000000,0x00000000843dc0f8,0x0000000084400000)
 Metaspace       used 54437K, committed 55872K, reserved 1114112K
  class space    used 6396K, committed 7040K, reserved 1048576K
}
Event: 14.627 GC heap before
{Heap before GC invocations=36 (full 2):
 PSYoungGen      total 19456K, used 19200K [0x00000000d5580000, 0x00000000d6d80000, 0x0000000100000000)
  eden space 18432K, 100% used [0x00000000d5580000,0x00000000d6780000,0x00000000d6780000)
  from space 1024K, 75% used [0x00000000d6b80000,0x00000000d6c40000,0x00000000d6c80000)
  to   space 1024K, 0% used [0x00000000d6c80000,0x00000000d6c80000,0x00000000d6d80000)
 ParOldGen       total 69632K, used 69488K [0x0000000080000000, 0x0000000084400000, 0x00000000d5580000)
  object space 69632K, 99% used [0x0000000080000000,0x00000000843dc0f8,0x0000000084400000)
 Metaspace       used 56384K, committed 57792K, reserved 1114112K
  class space    used 6647K, committed 7296K, reserved 1048576K
}
Event: 14.630 GC heap after
{Heap after GC invocations=36 (full 2):
 PSYoungGen      total 19456K, used 1024K [0x00000000d5580000, 0x00000000d6d80000, 0x0000000100000000)
  eden space 18432K, 0% used [0x00000000d5580000,0x00000000d5580000,0x00000000d6780000)
  from space 1024K, 100% used [0x00000000d6c80000,0x00000000d6d80000,0x00000000d6d80000)
  to   space 2048K, 0% used [0x00000000d6980000,0x00000000d6980000,0x00000000d6b80000)
 ParOldGen       total 70656K, used 70151K [0x0000000080000000, 0x0000000084500000, 0x00000000d5580000)
  object space 70656K, 99% used [0x0000000080000000,0x0000000084481e08,0x0000000084500000)
 Metaspace       used 56384K, committed 57792K, reserved 1114112K
  class space    used 6647K, committed 7296K, reserved 1048576K
}
Event: 14.794 GC heap before
{Heap before GC invocations=37 (full 2):
 PSYoungGen      total 19456K, used 16233K [0x00000000d5580000, 0x00000000d6d80000, 0x0000000100000000)
  eden space 18432K, 82% used [0x00000000d5580000,0x00000000d645a638,0x00000000d6780000)
  from space 1024K, 100% used [0x00000000d6c80000,0x00000000d6d80000,0x00000000d6d80000)
  to   space 2048K, 0% used [0x00000000d6980000,0x00000000d6980000,0x00000000d6b80000)
 ParOldGen       total 70656K, used 70151K [0x0000000080000000, 0x0000000084500000, 0x00000000d5580000)
  object space 70656K, 99% used [0x0000000080000000,0x0000000084481e08,0x0000000084500000)
 Metaspace       used 58359K, committed 59776K, reserved 1114112K
  class space    used 6868K, committed 7488K, reserved 1048576K
}
Event: 14.797 GC heap after
{Heap after GC invocations=37 (full 2):
 PSYoungGen      total 20480K, used 996K [0x00000000d5580000, 0x00000000d6d00000, 0x0000000100000000)
  eden space 18432K, 0% used [0x00000000d5580000,0x00000000d5580000,0x00000000d6780000)
  from space 2048K, 48% used [0x00000000d6980000,0x00000000d6a791a0,0x00000000d6b80000)
  to   space 1536K, 0% used [0x00000000d6b80000,0x00000000d6b80000,0x00000000d6d00000)
 ParOldGen       total 71168K, used 71158K [0x0000000080000000, 0x0000000084580000, 0x00000000d5580000)
  object space 71168K, 99% used [0x0000000080000000,0x000000008457daf8,0x0000000084580000)
 Metaspace       used 58359K, committed 59776K, reserved 1114112K
  class space    used 6868K, committed 7488K, reserved 1048576K
}
Event: 14.797 GC heap before
{Heap before GC invocations=38 (full 3):
 PSYoungGen      total 20480K, used 996K [0x00000000d5580000, 0x00000000d6d00000, 0x0000000100000000)
  eden space 18432K, 0% used [0x00000000d5580000,0x00000000d5580000,0x00000000d6780000)
  from space 2048K, 48% used [0x00000000d6980000,0x00000000d6a791a0,0x00000000d6b80000)
  to   space 1536K, 0% used [0x00000000d6b80000,0x00000000d6b80000,0x00000000d6d00000)
 ParOldGen       total 71168K, used 71158K [0x0000000080000000, 0x0000000084580000, 0x00000000d5580000)
  object space 71168K, 99% used [0x0000000080000000,0x000000008457daf8,0x0000000084580000)
 Metaspace       used 58359K, committed 59776K, reserved 1114112K
  class space    used 6868K, committed 7488K, reserved 1048576K
}
Event: 14.888 GC heap after
{Heap after GC invocations=38 (full 3):
 PSYoungGen      total 20480K, used 0K [0x00000000d5580000, 0x00000000d6d00000, 0x0000000100000000)
  eden space 18432K, 0% used [0x00000000d5580000,0x00000000d5580000,0x00000000d6780000)
  from space 2048K, 0% used [0x00000000d6980000,0x00000000d6980000,0x00000000d6b80000)
  to   space 1536K, 0% used [0x00000000d6b80000,0x00000000d6b80000,0x00000000d6d00000)
 ParOldGen       total 71168K, used 59914K [0x0000000080000000, 0x0000000084580000, 0x00000000d5580000)
  object space 71168K, 84% used [0x0000000080000000,0x0000000083a82bd0,0x0000000084580000)
 Metaspace       used 58359K, committed 59776K, reserved 1114112K
  class space    used 6868K, committed 7488K, reserved 1048576K
}

